<?xml version="1.0" encoding="UTF-8"?>
<testng-results skipped="0" failed="0" ignored="0" total="1" passed="1">
  <reporter-output>
  </reporter-output>
  <suite name="Default suite" duration-ms="52466" started-at="2020-11-23T14:49:23 BDT" finished-at="2020-11-23T14:50:16 BDT">
    <groups>
    </groups>
    <test name="Default test" duration-ms="52466" started-at="2020-11-23T14:49:23 BDT" finished-at="2020-11-23T14:50:16 BDT">
      <class name="com.wpdev.ea.widgets.ContentTimeline">
        <test-method status="PASS" signature="DataTable()[pri:0, instance:com.wpdev.ea.widgets.ContentTimeline@31206beb]" name="DataTable" duration-ms="52403" started-at="2020-11-23T14:49:23 BDT" finished-at="2020-11-23T14:50:16 BDT">
          <reporter-output>
          </reporter-output>
        </test-method> <!-- DataTable -->
      </class> <!-- com.wpdev.ea.widgets.ContentTimeline -->
    </test> <!-- Default test -->
  </suite> <!-- Default suite -->
</testng-results>
