<?xml version="1.0" encoding="UTF-8"?>
<testng-results skipped="0" failed="0" ignored="0" total="1" passed="1">
  <reporter-output>
  </reporter-output>
  <suite name="Default suite" duration-ms="185987" started-at="2021-01-21T10:22:30 BDT" finished-at="2021-01-21T10:25:36 BDT">
    <groups>
    </groups>
    <test name="Default test" duration-ms="185987" started-at="2021-01-21T10:22:30 BDT" finished-at="2021-01-21T10:25:36 BDT">
      <class name="com.wpdev.ea.widgets.BrtDocsCatBox">
        <test-method status="PASS" signature="BrtDocsCatBox()[pri:0, instance:com.wpdev.ea.widgets.BrtDocsCatBox@4ba2ca36]" name="BrtDocsCatBox" duration-ms="185858" started-at="2021-01-21T10:22:30 BDT" finished-at="2021-01-21T10:25:36 BDT">
          <reporter-output>
          </reporter-output>
        </test-method> <!-- BrtDocsCatBox -->
      </class> <!-- com.wpdev.ea.widgets.BrtDocsCatBox -->
    </test> <!-- Default test -->
  </suite> <!-- Default suite -->
</testng-results>
