<?xml version="1.0" encoding="UTF-8"?>
<testng-results skipped="0" failed="0" ignored="0" total="1" passed="1">
  <reporter-output>
  </reporter-output>
  <suite name="Default suite" duration-ms="31835" started-at="2020-10-28T14:17:26 BDT" finished-at="2020-10-28T14:17:58 BDT">
    <groups>
    </groups>
    <test name="Default test" duration-ms="31835" started-at="2020-10-28T14:17:26 BDT" finished-at="2020-10-28T14:17:58 BDT">
      <class name="com.wpdev.ea.widgets.TeamMember">
        <test-method status="PASS" signature="TeamMember()[pri:0, instance:com.wpdev.ea.widgets.TeamMember@31206beb]" name="TeamMember" duration-ms="31761" started-at="2020-10-28T14:17:27 BDT" finished-at="2020-10-28T14:17:58 BDT">
          <reporter-output>
          </reporter-output>
        </test-method> <!-- TeamMember -->
      </class> <!-- com.wpdev.ea.widgets.TeamMember -->
    </test> <!-- Default test -->
  </suite> <!-- Default suite -->
</testng-results>
