<?xml version="1.0" encoding="UTF-8"?>
<testng-results ignored="0" total="1" passed="1" failed="0" skipped="0">
  <reporter-output>
  </reporter-output>
  <suite started-at="2021-06-08T16:26:09 BDT" name="Default suite" finished-at="2021-06-08T16:26:36 BDT" duration-ms="27247">
    <groups>
    </groups>
    <test started-at="2021-06-08T16:26:09 BDT" name="Default test" finished-at="2021-06-08T16:26:36 BDT" duration-ms="27247">
      <class name="com.wpdev.ea.widgets.Toogle">
        <test-method signature="ContentToggle()[pri:0, instance:com.wpdev.ea.widgets.Toogle@229c6181]" started-at="2021-06-08T16:26:09 BDT" name="ContentToggle" finished-at="2021-06-08T16:26:36 BDT" duration-ms="27218" status="PASS">
          <reporter-output>
          </reporter-output>
        </test-method> <!-- ContentToggle -->
      </class> <!-- com.wpdev.ea.widgets.Toogle -->
    </test> <!-- Default test -->
  </suite> <!-- Default suite -->
</testng-results>
