<?xml version="1.0" encoding="UTF-8"?>
<testng-results skipped="0" failed="0" ignored="0" total="1" passed="1">
  <reporter-output>
  </reporter-output>
  <suite name="Default suite" duration-ms="34046" started-at="2020-12-08T15:25:17 BDT" finished-at="2020-12-08T15:25:51 BDT">
    <groups>
    </groups>
    <test name="Default test" duration-ms="34046" started-at="2020-12-08T15:25:17 BDT" finished-at="2020-12-08T15:25:51 BDT">
      <class name="com.wpdev.ea.widgets.WooCheckout">
        <test-method status="PASS" signature="WooCheckout()[pri:0, instance:com.wpdev.ea.widgets.WooCheckout@31206beb]" name="WooCheckout" duration-ms="33957" started-at="2020-12-08T15:25:17 BDT" finished-at="2020-12-08T15:25:51 BDT">
          <reporter-output>
          </reporter-output>
        </test-method> <!-- WooCheckout -->
      </class> <!-- com.wpdev.ea.widgets.WooCheckout -->
    </test> <!-- Default test -->
  </suite> <!-- Default suite -->
</testng-results>
